Case #1: 2 
Case #2: 1 
Case #3: IMPOSSIBLE
Case #4: 1 2 
Case #5: 2 9 
Case #6: IMPOSSIBLE
Case #7: 2 24 46 68 90 
Case #8: IMPOSSIBLE
Case #9: 2 192 382 572 762 952 1142 1332 1522 1712 1902 2092 2282 2472 2662 2852 3042 3232 3422 3612 3802 3992 4182 4372 4562 4752 4942 5132 5322 5512 5702 5892 6082 6272 6462 6652 6842 7032 7222 7412 7602 7792 7982 8172 8362 8552 8742 
Case #10: IMPOSSIBLE
Case #11: IMPOSSIBLE
Case #12: 1 2 3 4 5 6 7 8 9 10 11 12 13 14 15 16 17 18 19 20 21 22 23 24 25 26 27 28 29 30 31 32 33 34 35 36 37 38 39 40 41 42 43 44 45 46 47 48 49 50 51 52 53 54 55 56 57 58 59 60 61 62 63 64 65 66 67 68 69 70 71 72 73 74 75 76 77 78 79 80 81 82 83 84 85 86 87 88 89 90 91 92 93 94 95 96 97 98 99 100 
Case #13: IMPOSSIBLE
Case #14: 2 9 
Case #15: 1 
Case #16: 1 2 3 4 5 6 7 8 9 
Case #17: 1 
Case #18: IMPOSSIBLE
Case #19: IMPOSSIBLE
Case #20: IMPOSSIBLE
Case #21: IMPOSSIBLE
Case #22: IMPOSSIBLE
Case #23: IMPOSSIBLE
Case #24: IMPOSSIBLE
Case #25: 1 
Case #26: IMPOSSIBLE
Case #27: IMPOSSIBLE
Case #28: IMPOSSIBLE
Case #29: 2 12 
Case #30: IMPOSSIBLE
Case #31: IMPOSSIBLE
Case #32: IMPOSSIBLE
Case #33: IMPOSSIBLE
Case #34: IMPOSSIBLE
Case #35: IMPOSSIBLE
Case #36: IMPOSSIBLE
Case #37: 2 
Case #38: 2 
Case #39: IMPOSSIBLE
Case #40: 1 
Case #41: 1 
Case #42: IMPOSSIBLE
Case #43: IMPOSSIBLE
Case #44: IMPOSSIBLE
Case #45: IMPOSSIBLE
Case #46: 1 2 3 
Case #47: 2 12 
Case #48: IMPOSSIBLE
Case #49: 1 
Case #50: IMPOSSIBLE
Case #51: IMPOSSIBLE
Case #52: 2 124 246 368 490 612 734 856 978 1100 1222 1344 1466 1588 1710 1832 1954 2076 2198 2320 2442 2564 2686 2808 2930 3052 3174 3296 3418 3540 
Case #53: 2 44 86 128 170 212 254 296 338 380 
Case #54: IMPOSSIBLE
Case #55: 1 
Case #56: IMPOSSIBLE
Case #57: 2 9 
Case #58: IMPOSSIBLE
Case #59: IMPOSSIBLE
Case #60: IMPOSSIBLE
Case #61: IMPOSSIBLE
Case #62: 2 204 406 608 810 1012 1214 1416 1618 1820 2022 2224 2426 2628 2830 3032 3234 3436 3638 3840 4042 4244 4446 4648 4850 5052 5254 5456 5658 5860 6062 6264 6466 6668 6870 7072 7274 7476 7678 7880 8082 8284 8486 8688 8890 9092 9294 9496 9698 9900 
Case #63: 2 122 242 362 482 602 722 842 962 1082 1202 1322 1442 1562 1682 1802 1922 2042 2162 2282 2402 2522 2642 2762 2882 3002 3122 3242 3362 3481 
Case #64: 2 12 
Case #65: 1 2 3 4 
Case #66: 2 20 38 56 
Case #67: 2 90 178 266 354 442 530 618 706 794 882 970 1058 1146 1234 1322 1410 1498 1586 1674 1762 1849 
Case #68: IMPOSSIBLE
Case #69: 2 
Case #70: 1 
Case #71: IMPOSSIBLE
Case #72: 2 28 54 80 106 132 
Case #73: IMPOSSIBLE
Case #74: IMPOSSIBLE
Case #75: 2 188 374 560 746 932 1118 1304 1490 1676 1862 2048 2234 2420 2606 2792 2978 3164 3350 3536 3722 3908 4094 4280 4466 4652 4838 5024 5210 5396 5582 5768 5954 6140 6326 6512 6698 6884 7070 7256 7442 7628 7814 8000 8186 8372 
Case #76: IMPOSSIBLE
Case #77: IMPOSSIBLE
Case #78: IMPOSSIBLE
Case #79: IMPOSSIBLE
Case #80: 2 104 206 308 410 512 614 716 818 920 1022 1124 1226 1328 1430 1532 1634 1736 1838 1940 2042 2144 2246 2348 2450 
Case #81: 1 2 3 4 5 6 7 8 9 10 11 12 13 14 15 16 17 18 19 20 21 22 23 24 25 26 27 28 29 30 31 32 33 34 35 36 37 38 39 40 41 42 43 44 45 46 47 48 49 50 51 52 53 54 55 56 57 58 59 60 61 62 63 64 65 66 67 68 69 70 71 
Case #82: 2 18 34 49 
Case #83: IMPOSSIBLE
Case #84: 2 48 94 140 186 232 278 324 370 416 462 
Case #85: 2 38 74 110 146 182 218 254 289 
Case #86: IMPOSSIBLE
Case #87: IMPOSSIBLE
Case #88: IMPOSSIBLE
Case #89: IMPOSSIBLE
Case #90: IMPOSSIBLE
Case #91: 2 
Case #92: IMPOSSIBLE
Case #93: 1 
Case #94: IMPOSSIBLE
Case #95: 2 106 210 314 418 522 626 730 834 938 1042 1146 1250 1354 1458 1562 1666 1770 1874 1978 2082 2186 2290 2394 2498 2601 
Case #96: IMPOSSIBLE
Case #97: 2 176 350 524 698 872 1046 1220 1394 1568 1742 1916 2090 2264 2438 2612 2786 2960 3134 3308 3482 3656 3830 4004 4178 4352 4526 4700 4874 5048 5222 5396 5570 5744 5918 6092 6266 6440 6614 6788 6962 7136 7310 
Case #98: IMPOSSIBLE
Case #99: IMPOSSIBLE
Case #100: 2 202 402 602 802 1002 1202 1402 1602 1802 2002 2202 2402 2602 2802 3002 3202 3402 3602 3802 4002 4202 4402 4602 4802 5002 5202 5402 5602 5802 6002 6202 6402 6602 6802 7002 7202 7402 7602 7802 8002 8202 8402 8602 8802 9002 9202 9402 9602 9801 
