Case #1: 2 
Case #2: 1 
Case #3: 1 2 
Case #4: 2 9 
Case #5: 2 44 86 128 170 212 254 296 338 380 
Case #6: 2 
Case #7: 2 180 358 536 714 892 1070 1248 1426 1604 1782 1960 2138 2316 2494 2672 2850 3028 3206 3384 3562 3740 3918 4096 4274 4452 4630 4808 4986 5164 5342 5520 5698 5876 6054 6232 6410 6588 6766 6944 7122 7300 7478 7656 
Case #8: 2 142 282 422 562 702 842 982 1122 1262 1402 1542 1682 1822 1962 2102 2242 2382 2522 2662 2802 2942 3082 3222 3362 3502 3642 3782 3922 4062 4202 4342 4482 4622 4761 
Case #9: 2 48 94 140 186 232 278 324 370 416 462 
Case #10: 2 56 110 164 218 272 326 380 434 488 542 596 650 
Case #11: 2 12 
Case #12: 1 2 3 4 5 6 7 8 9 10 11 12 13 14 15 16 17 
Case #13: 2 92 182 272 362 452 542 632 722 812 902 992 1082 1172 1262 1352 1442 1532 1622 1712 1802 1892 
Case #14: 1 
Case #15: 2 170 338 506 674 842 1010 1178 1346 1514 1682 1850 2018 2186 2354 2522 2690 2858 3026 3194 3362 3530 3698 3866 4034 4202 4370 4538 4706 4874 5042 5210 5378 5546 5714 5882 6050 6218 6386 6554 6722 6889 
Case #16: 2 9 
Case #17: 2 38 74 110 146 182 218 254 289 
Case #18: 2 
Case #19: 2 204 406 608 810 1012 1214 1416 1618 1820 2022 2224 2426 2628 2830 3032 3234 3436 3638 3840 4042 4244 4446 4648 4850 5052 5254 5456 5658 5860 6062 6264 6466 6668 6870 7072 7274 7476 7678 7880 8082 8284 8486 8688 8890 9092 9294 9496 9698 9900 
Case #20: 2 56 110 164 218 272 326 380 434 488 542 596 650 
Case #21: 1 
Case #22: 2 86 170 254 338 422 506 590 674 758 842 926 1010 1094 1178 1262 1346 1430 1514 1598 1681 
Case #23: 2 78 154 230 306 382 458 534 610 686 762 838 914 990 1066 1142 1218 1294 1369 
Case #24: 2 118 234 350 466 582 698 814 930 1046 1162 1278 1394 1510 1626 1742 1858 1974 2090 2206 2322 2438 2554 2670 2786 2902 3018 3134 3249 
Case #25: 2 194 386 578 770 962 1154 1346 1538 1730 1922 2114 2306 2498 2690 2882 3074 3266 3458 3650 3842 4034 4226 4418 4610 4802 4994 5186 5378 5570 5762 5954 6146 6338 6530 6722 6914 7106 7298 7490 7682 7874 8066 8258 8450 8642 8834 9025 
Case #26: 2 56 110 164 218 272 326 380 434 488 542 596 650 
Case #27: 2 128 254 380 506 632 758 884 1010 1136 1262 1388 1514 1640 1766 1892 2018 2144 2270 2396 2522 2648 2774 2900 3026 3152 3278 3404 3530 3656 3782 
Case #28: 2 52 102 152 202 252 302 352 402 452 502 552 
Case #29: 2 9 
Case #30: 2 44 86 128 170 212 254 296 338 380 
Case #31: 2 98 194 290 386 482 578 674 770 866 962 1058 1154 1250 1346 1442 1538 1634 1730 1826 1922 2018 2114 2209 
Case #32: 2 
Case #33: 1 
Case #34: 2 154 306 458 610 762 914 1066 1218 1370 1522 1674 1826 1978 2130 2282 2434 2586 2738 2890 3042 3194 3346 3498 3650 3802 3954 4106 4258 4410 4562 4714 4866 5018 5170 5322 5474 5625 
Case #35: 2 204 406 608 810 1012 1214 1416 1618 1820 2022 2224 2426 2628 2830 3032 3234 3436 3638 3840 4042 4244 4446 4648 4850 5052 5254 5456 5658 5860 6062 6264 6466 6668 6870 7072 7274 7476 7678 7880 8082 8284 8486 8688 8890 9092 9294 9496 9698 9900 
Case #36: 1 
Case #37: 2 24 46 68 90 
Case #38: 2 204 406 608 810 1012 1214 1416 1618 1820 2022 2224 2426 2628 2830 3032 3234 3436 3638 3840 4042 4244 4446 4648 4850 5052 5254 5456 5658 5860 6062 6264 6466 6668 6870 7072 7274 7476 7678 7880 8082 8284 8486 8688 8890 9092 9294 9496 9698 9900 
Case #39: 2 92 182 272 362 452 542 632 722 812 902 992 1082 1172 1262 1352 1442 1532 1622 1712 1802 1892 
Case #40: 2 194 386 578 770 962 1154 1346 1538 1730 1922 2114 2306 2498 2690 2882 3074 3266 3458 3650 3842 4034 4226 4418 4610 4802 4994 5186 5378 5570 5762 5954 6146 6338 6530 6722 6914 7106 7298 7490 7682 7874 8066 8258 8450 8642 8834 9025 
Case #41: 2 52 102 152 202 252 302 352 402 452 502 552 
Case #42: 2 9 
Case #43: 2 164 326 488 650 812 974 1136 1298 1460 1622 1784 1946 2108 2270 2432 2594 2756 2918 3080 3242 3404 3566 3728 3890 4052 4214 4376 4538 4700 4862 5024 5186 5348 5510 5672 5834 5996 6158 6320 
Case #44: 2 102 202 302 402 502 602 702 802 902 1002 1102 1202 1302 1402 1502 1602 1702 1802 1902 2002 2102 2202 2302 2401 
Case #45: 1 2 3 4 5 6 7 8 9 
Case #46: 2 9 
Case #47: 1 2 3 4 5 6 7 8 9 10 11 12 13 14 15 16 17 18 19 20 21 22 23 24 25 26 27 28 29 30 31 32 33 34 35 36 37 38 39 40 41 42 43 44 45 46 47 48 49 50 51 52 53 54 55 56 57 58 59 60 61 62 63 64 65 66 67 68 69 70 71 72 73 74 75 76 77 78 79 80 81 82 83 84 85 86 87 88 89 90 91 92 93 94 95 96 97 98 99 100 
Case #48: 1 2 3 4 5 6 7 8 9 10 11 12 13 14 15 16 17 18 19 20 21 22 23 24 25 26 
Case #49: 2 174 346 518 690 862 1034 1206 1378 1550 1722 1894 2066 2238 2410 2582 2754 2926 3098 3270 3442 3614 3786 3958 4130 4302 4474 4646 4818 4990 5162 5334 5506 5678 5850 6022 6194 6366 6538 6710 6882 7054 7225 
Case #50: 2 22 42 62 81 
Case #51: 2 106 210 314 418 522 626 730 834 938 1042 1146 1250 1354 1458 1562 1666 1770 1874 1978 2082 2186 2290 2394 2498 2601 
Case #52: 2 192 382 572 762 952 1142 1332 1522 1712 1902 2092 2282 2472 2662 2852 3042 3232 3422 3612 3802 3992 4182 4372 4562 4752 4942 5132 5322 5512 5702 5892 6082 6272 6462 6652 6842 7032 7222 7412 7602 7792 7982 8172 8362 8552 8742 
Case #53: 2 204 406 608 810 1012 1214 1416 1618 1820 2022 2224 2426 2628 2830 3032 3234 3436 3638 3840 4042 4244 4446 4648 4850 5052 5254 5456 5658 5860 6062 6264 6466 6668 6870 7072 7274 7476 7678 7880 8082 8284 8486 8688 8890 9092 9294 9496 9698 9900 
Case #54: 2 12 
Case #55: 2 9 
Case #56: 2 120 238 356 474 592 710 828 946 1064 1182 1300 1418 1536 1654 1772 1890 2008 2126 2244 2362 2480 2598 2716 2834 2952 3070 3188 3306 
Case #57: 2 40 78 116 154 192 230 268 306 
Case #58: 2 26 50 74 98 121 
Case #59: 2 56 110 164 218 272 326 380 434 488 542 596 650 
Case #60: 2 22 42 62 81 
Case #61: 1 2 3 4 
Case #62: 2 164 326 488 650 812 974 1136 1298 1460 1622 1784 1946 2108 2270 2432 2594 2756 2918 3080 3242 3404 3566 3728 3890 4052 4214 4376 4538 4700 4862 5024 5186 5348 5510 5672 5834 5996 6158 6320 
Case #63: 1 
Case #64: 1 
Case #65: 2 24 46 68 90 
Case #66: 2 138 274 410 546 682 818 954 1090 1226 1362 1498 1634 1770 1906 2042 2178 2314 2450 2586 2722 2858 2994 3130 3266 3402 3538 3674 3810 3946 4082 4218 4354 4489 
Case #67: 2 106 210 314 418 522 626 730 834 938 1042 1146 1250 1354 1458 1562 1666 1770 1874 1978 2082 2186 2290 2394 2498 2601 
Case #68: 1 2 3 4 5 6 7 8 9 10 11 12 13 14 15 16 17 18 19 20 21 22 23 24 25 26 27 28 29 30 31 32 33 34 35 36 37 38 39 40 41 42 43 44 45 46 47 48 49 50 51 52 53 54 55 56 57 58 59 60 61 62 63 64 65 66 67 68 69 
Case #69: 2 124 246 368 490 612 734 856 978 1100 1222 1344 1466 1588 1710 1832 1954 2076 2198 2320 2442 2564 2686 2808 2930 3052 3174 3296 3418 3540 
Case #70: 1 2 3 4 5 6 7 8 9 10 11 12 13 14 15 16 17 18 
Case #71: 2 164 326 488 650 812 974 1136 1298 1460 1622 1784 1946 2108 2270 2432 2594 2756 2918 3080 3242 3404 3566 3728 3890 4052 4214 4376 4538 4700 4862 5024 5186 5348 5510 5672 5834 5996 6158 6320 
Case #72: 2 176 350 524 698 872 1046 1220 1394 1568 1742 1916 2090 2264 2438 2612 2786 2960 3134 3308 3482 3656 3830 4004 4178 4352 4526 4700 4874 5048 5222 5396 5570 5744 5918 6092 6266 6440 6614 6788 6962 7136 7310 
Case #73: 2 64 126 188 250 312 374 436 498 560 622 684 746 808 870 
Case #74: 2 150 298 446 594 742 890 1038 1186 1334 1482 1630 1778 1926 2074 2222 2370 2518 2666 2814 2962 3110 3258 3406 3554 3702 3850 3998 4146 4294 4442 4590 4738 4886 5034 5182 5329 
Case #75: 2 12 
Case #76: 2 80 158 236 314 392 470 548 626 704 782 860 938 1016 1094 1172 1250 1328 1406 
Case #77: 2 38 74 110 146 182 218 254 289 
Case #78: 2 16 30 
Case #79: 2 74 146 218 290 362 434 506 578 650 722 794 866 938 1010 1082 1154 1225 
Case #80: 1 2 3 4 5 6 7 8 9 10 11 12 13 14 15 16 17 18 19 20 21 22 23 24 25 26 27 28 29 30 31 32 33 34 35 36 37 38 39 40 41 42 43 44 45 46 47 48 49 50 51 52 53 54 55 56 57 58 
Case #81: 2 32 62 92 122 152 182 
Case #82: 2 12 
Case #83: 1 
Case #84: 1 
Case #85: 2 34 66 98 130 162 194 225 
Case #86: 2 9 
Case #87: 2 12 
Case #88: 2 
Case #89: 2 56 110 164 218 272 326 380 434 488 542 596 650 
Case #90: 1 
Case #91: 1 
Case #92: 1 2 3 
Case #93: 1 
Case #94: 2 36 70 104 138 172 206 240 
Case #95: 2 64 126 188 250 312 374 436 498 560 622 684 746 808 870 
Case #96: 1 
Case #97: 2 16 30 
Case #98: 2 158 314 470 626 782 938 1094 1250 1406 1562 1718 1874 2030 2186 2342 2498 2654 2810 2966 3122 3278 3434 3590 3746 3902 4058 4214 4370 4526 4682 4838 4994 5150 5306 5462 5618 5774 5929 
Case #99: 2 14 25 
Case #100: 2 32 62 92 122 152 182 
