Case #1: BA BA 
Case #2: A C B A C BA 
Case #3: C C BA 
Case #4: B B A C BA 
Case #5: C C A C A C BA 
Case #6: A C A C BA 
Case #7: B B A B A C BA 
Case #8: A C A C A C BA 
Case #9: B B C B A C BA 
Case #10: C A C A C BA 
Case #11: C B A C B A C BA 
Case #12: A B A C B A C BA 
Case #13: B C B C B A C BA 
Case #14: C B A C BA 
Case #15: B A C BA 
Case #16: C B C B C B C BA 
Case #17: B A C B A C BA 
Case #18: C B C B C BA 
Case #19: A A C B A C BA 
Case #20: B C B C B C BA 
Case #21: B A B A B A C BA 
Case #22: A C BA 
Case #23: B C B C BA 
Case #24: C C B C BA 
Case #25: C C C B A C BA 
Case #26: C C B C B A C BA 
Case #27: A B A C BA 
Case #28: C A C B A C BA 
Case #29: BA BA BA 
Case #30: C C B A C BA 
Case #31: B C B A C BA 
Case #32: C B C B A C BA 
Case #33: C B C BA 
Case #34: B A B A C BA 
Case #35: BA BA BA BA 
Case #36: C A C BA 
Case #37: A C A C B A C BA 
Case #38: C A C A C A C BA 
Case #39: B B A C B A C BA 
Case #40: C C A C B A C BA 
Case #41: B C BA 
Case #42: BA 
Case #43: C C B C B C BA 
Case #44: C BA 
Case #45: A B A B A C BA 
Case #46: C C A C BA 
