Case #1: 1
1 1 1
Case #2: 4
1 1 1
1 2 1
1 1 2
1 2 2
Case #3: 2
1 1 1
1 1 2
Case #4: 2
1 1 1
1 2 2
Case #5: 4
1 1 1
1 2 1
1 1 2
1 2 2
Case #6: 5
1 1 1
2 2 1
2 1 2
1 2 2
1 3 3
Case #7: 1
1 1 1
Case #8: 8
1 1 1
2 1 1
1 2 1
2 2 1
1 1 2
2 1 2
1 2 2
2 2 2
Case #9: 8
1 1 1
2 1 1
1 2 1
2 2 1
1 1 2
2 1 2
1 2 2
2 2 2
Case #10: 2
1 1 1
1 2 2
Case #11: 6
1 1 1
1 2 1
1 1 2
1 2 2
1 1 3
1 2 3
Case #12: 12
1 1 1
2 1 1
1 2 1
2 2 1
1 1 2
2 1 2
1 2 2
2 2 2
1 1 3
2 1 3
1 2 3
2 2 3
Case #13: 3
1 1 1
1 2 2
1 3 3
Case #14: 4
1 1 1
1 2 1
1 1 2
1 2 2
Case #15: 2
1 1 1
1 1 2
Case #16: 9
1 1 1
1 2 1
1 3 1
1 1 2
1 2 2
1 3 2
1 1 3
1 2 3
1 3 3
Case #17: 3
1 1 1
1 1 2
1 1 3
Case #18: 9
1 1 1
1 2 1
1 3 1
1 1 2
1 2 2
1 3 2
1 1 3
1 2 3
1 3 3
Case #19: 4
1 1 1
1 2 1
1 1 2
1 2 2
Case #20: 4
1 1 1
1 2 1
1 1 2
1 2 2
Case #21: 3
1 1 1
1 1 2
1 1 3
Case #22: 12
1 1 1
2 1 1
1 2 1
2 2 1
1 1 2
2 1 2
1 2 2
2 2 2
1 1 3
2 1 3
1 2 3
2 2 3
Case #23: 8
1 1 1
2 1 1
1 2 1
2 2 1
1 1 2
2 1 2
1 2 2
2 2 2
Case #24: 6
1 1 1
1 2 1
1 1 2
1 2 2
1 1 3
1 2 3
Case #25: 1
1 1 1
Case #26: 6
1 1 1
1 2 1
1 1 2
1 2 2
1 1 3
1 2 3
Case #27: 2
1 1 1
1 1 2
Case #28: 2
1 1 1
1 1 2
Case #29: 27
1 1 1
2 1 1
3 1 1
1 2 1
2 2 1
3 2 1
1 3 1
2 3 1
3 3 1
1 1 2
2 1 2
3 1 2
1 2 2
2 2 2
3 2 2
1 3 2
2 3 2
3 3 2
1 1 3
2 1 3
3 1 3
1 2 3
2 2 3
3 2 3
1 3 3
2 3 3
3 3 3
Case #30: 1
1 1 1
Case #31: 4
1 1 1
1 2 1
1 1 2
1 2 2
Case #32: 2
1 1 1
1 1 2
Case #33: 18
1 1 1
2 1 1
1 2 1
2 2 1
1 3 1
2 3 1
1 1 2
2 1 2
1 2 2
2 2 2
1 3 2
2 3 2
1 1 3
2 1 3
1 2 3
2 2 3
1 3 3
2 3 3
Case #34: 8
1 1 1
2 1 1
1 2 1
2 2 1
1 1 2
2 1 2
1 2 2
2 2 2
Case #35: 9
1 1 1
1 2 1
1 3 1
1 1 2
1 2 2
1 3 2
1 1 3
1 2 3
1 3 3
Case #36: 27
1 1 1
2 1 1
3 1 1
1 2 1
2 2 1
3 2 1
1 3 1
2 3 1
3 3 1
1 1 2
2 1 2
3 1 2
1 2 2
2 2 2
3 2 2
1 3 2
2 3 2
3 3 2
1 1 3
2 1 3
3 1 3
1 2 3
2 2 3
3 2 3
1 3 3
2 3 3
3 3 3
Case #37: 27
1 1 1
2 1 1
3 1 1
1 2 1
2 2 1
3 2 1
1 3 1
2 3 1
3 3 1
1 1 2
2 1 2
3 1 2
1 2 2
2 2 2
3 2 2
1 3 2
2 3 2
3 3 2
1 1 3
2 1 3
3 1 3
1 2 3
2 2 3
3 2 3
1 3 3
2 3 3
3 3 3
Case #38: 2
1 1 1
1 1 2
Case #39: 5
1 1 1
1 2 1
1 1 2
1 2 2
1 3 3
Case #40: 12
1 1 1
2 1 1
1 2 1
2 2 1
1 1 2
2 1 2
1 2 2
2 2 2
1 1 3
2 1 3
1 2 3
2 2 3
Case #41: 8
1 1 1
2 1 1
1 2 1
2 2 1
1 1 2
2 1 2
1 2 2
2 2 2
Case #42: 3
1 1 1
1 1 2
1 1 3
Case #43: 1
1 1 1
Case #44: 18
1 1 1
2 1 1
1 2 1
2 2 1
1 3 1
2 3 1
1 1 2
2 1 2
1 2 2
2 2 2
1 3 2
2 3 2
1 1 3
2 1 3
1 2 3
2 2 3
1 3 3
2 3 3
Case #45: 3
1 1 1
1 1 2
1 1 3
Case #46: 2
1 1 1
1 1 2
Case #47: 3
1 1 1
1 1 2
1 1 3
Case #48: 1
1 1 1
Case #49: 18
1 1 1
2 1 1
1 2 1
2 2 1
1 3 1
2 3 1
1 1 2
2 1 2
1 2 2
2 2 2
1 3 2
2 3 2
1 1 3
2 1 3
1 2 3
2 2 3
1 3 3
2 3 3
Case #50: 4
1 1 1
2 2 1
2 1 2
1 2 2
Case #51: 9
1 1 1
1 2 1
1 3 1
1 1 2
1 2 2
1 3 2
1 1 3
1 2 3
1 3 3
Case #52: 1
1 1 1
Case #53: 10
1 1 1
2 1 1
1 2 1
2 2 1
1 1 2
2 1 2
1 2 2
2 2 2
1 3 3
2 3 3
Case #54: 12
1 1 1
2 1 1
1 2 1
2 2 1
1 1 2
2 1 2
1 2 2
2 2 2
1 1 3
2 1 3
1 2 3
2 2 3
Case #55: 1
1 1 1
Case #56: 9
1 1 1
1 2 1
1 3 1
1 1 2
1 2 2
1 3 2
1 1 3
1 2 3
1 3 3
Case #57: 12
1 1 1
2 1 1
1 2 1
2 2 1
1 1 2
2 1 2
1 2 2
2 2 2
1 1 3
2 1 3
1 2 3
2 2 3
Case #58: 3
1 1 1
1 1 2
1 1 3
Case #59: 27
1 1 1
2 1 1
3 1 1
1 2 1
2 2 1
3 2 1
1 3 1
2 3 1
3 3 1
1 1 2
2 1 2
3 1 2
1 2 2
2 2 2
3 2 2
1 3 2
2 3 2
3 3 2
1 1 3
2 1 3
3 1 3
1 2 3
2 2 3
3 2 3
1 3 3
2 3 3
3 3 3
Case #60: 18
1 1 1
2 1 1
1 2 1
2 2 1
1 3 1
2 3 1
1 1 2
2 1 2
1 2 2
2 2 2
1 3 2
2 3 2
1 1 3
2 1 3
1 2 3
2 2 3
1 3 3
2 3 3
Case #61: 27
1 1 1
2 1 1
3 1 1
1 2 1
2 2 1
3 2 1
1 3 1
2 3 1
3 3 1
1 1 2
2 1 2
3 1 2
1 2 2
2 2 2
3 2 2
1 3 2
2 3 2
3 3 2
1 1 3
2 1 3
3 1 3
1 2 3
2 2 3
3 2 3
1 3 3
2 3 3
3 3 3
Case #62: 18
1 1 1
2 1 1
1 2 1
2 2 1
1 3 1
2 3 1
1 1 2
2 1 2
1 2 2
2 2 2
1 3 2
2 3 2
1 1 3
2 1 3
1 2 3
2 2 3
1 3 3
2 3 3
Case #63: 6
1 1 1
1 2 1
1 1 2
1 2 2
1 1 3
1 2 3
Case #64: 3
1 1 1
1 1 2
1 1 3
Case #65: 18
1 1 1
2 1 1
1 2 1
2 2 1
1 3 1
2 3 1
1 1 2
2 1 2
1 2 2
2 2 2
1 3 2
2 3 2
1 1 3
2 1 3
1 2 3
2 2 3
1 3 3
2 3 3
Case #66: 18
1 1 1
2 1 1
1 2 1
2 2 1
1 3 1
2 3 1
1 1 2
2 1 2
1 2 2
2 2 2
1 3 2
2 3 2
1 1 3
2 1 3
1 2 3
2 2 3
1 3 3
2 3 3
Case #67: 1
1 1 1
Case #68: 4
1 1 1
1 2 1
1 1 2
1 2 2
Case #69: 3
1 1 1
1 1 2
1 1 3
Case #70: 4
1 1 1
1 2 1
1 1 2
1 2 2
Case #71: 14
1 1 1
2 1 1
1 2 1
2 2 1
3 3 1
1 1 2
2 1 2
1 2 2
2 2 2
3 3 2
3 1 3
3 2 3
1 3 3
2 3 3
Case #72: 4
1 1 1
1 2 1
1 1 2
1 2 2
Case #73: 4
1 1 1
2 2 1
2 1 2
1 2 2
Case #74: 6
1 1 1
1 2 1
1 1 2
1 2 2
1 1 3
1 2 3
Case #75: 18
1 1 1
2 1 1
1 2 1
2 2 1
1 3 1
2 3 1
1 1 2
2 1 2
1 2 2
2 2 2
1 3 2
2 3 2
1 1 3
2 1 3
1 2 3
2 2 3
1 3 3
2 3 3
Case #76: 2
1 1 1
1 1 2
Case #77: 27
1 1 1
2 1 1
3 1 1
1 2 1
2 2 1
3 2 1
1 3 1
2 3 1
3 3 1
1 1 2
2 1 2
3 1 2
1 2 2
2 2 2
3 2 2
1 3 2
2 3 2
3 3 2
1 1 3
2 1 3
3 1 3
1 2 3
2 2 3
3 2 3
1 3 3
2 3 3
3 3 3
Case #78: 6
1 1 1
1 2 1
1 1 2
1 2 2
1 1 3
1 2 3
Case #79: 12
1 1 1
2 1 1
1 2 1
2 2 1
1 1 2
2 1 2
1 2 2
2 2 2
1 1 3
2 1 3
1 2 3
2 2 3
Case #80: 2
1 1 1
1 1 2
Case #81: 27
1 1 1
2 1 1
3 1 1
1 2 1
2 2 1
3 2 1
1 3 1
2 3 1
3 3 1
1 1 2
2 1 2
3 1 2
1 2 2
2 2 2
3 2 2
1 3 2
2 3 2
3 3 2
1 1 3
2 1 3
3 1 3
1 2 3
2 2 3
3 2 3
1 3 3
2 3 3
3 3 3
Case #82: 6
1 1 1
1 2 1
1 1 2
1 2 2
1 1 3
1 2 3
Case #83: 9
1 1 1
1 2 1
1 3 1
1 1 2
1 2 2
1 3 2
1 1 3
1 2 3
1 3 3
Case #84: 9
1 1 1
1 2 1
1 3 1
1 1 2
1 2 2
1 3 2
1 1 3
1 2 3
1 3 3
Case #85: 1
1 1 1
Case #86: 1
1 1 1
Case #87: 8
1 1 1
2 1 1
1 2 1
2 2 1
1 1 2
2 1 2
1 2 2
2 2 2
Case #88: 8
1 1 1
2 1 1
1 2 1
2 2 1
1 1 2
2 1 2
1 2 2
2 2 2
Case #89: 2
1 1 1
1 1 2
Case #90: 12
1 1 1
2 1 1
1 2 1
2 2 1
1 1 2
2 1 2
1 2 2
2 2 2
1 1 3
2 1 3
1 2 3
2 2 3
Case #91: 8
1 1 1
2 1 1
1 2 1
2 2 1
1 1 2
2 1 2
1 2 2
2 2 2
Case #92: 12
1 1 1
2 1 1
1 2 1
2 2 1
1 1 2
2 1 2
1 2 2
2 2 2
1 1 3
2 1 3
1 2 3
2 2 3
Case #93: 4
1 1 1
1 2 1
1 1 2
1 2 2
Case #94: 6
1 1 1
1 2 1
1 1 2
1 2 2
1 1 3
1 2 3
Case #95: 1
1 1 1
Case #96: 8
1 1 1
2 1 1
1 2 1
2 2 1
1 1 2
2 1 2
1 2 2
2 2 2
Case #97: 9
1 1 1
1 2 1
1 3 1
1 1 2
1 2 2
1 3 2
1 1 3
1 2 3
1 3 3
Case #98: 8
1 1 1
2 1 1
1 2 1
2 2 1
1 1 2
2 1 2
1 2 2
2 2 2
Case #99: 27
1 1 1
2 1 1
3 1 1
1 2 1
2 2 1
3 2 1
1 3 1
2 3 1
3 3 1
1 1 2
2 1 2
3 1 2
1 2 2
2 2 2
3 2 2
1 3 2
2 3 2
3 3 2
1 1 3
2 1 3
3 1 3
1 2 3
2 2 3
3 2 3
1 3 3
2 3 3
3 3 3
Case #100: 7
1 1 1
2 2 1
3 3 1
2 1 2
1 2 2
3 1 3
1 3 3
