Case #1: 1 1 1 2 1 
Case #2: 1 1 
Case #3: 1 
Case #4: 1 1 1 1 
Case #5: 1 1 1 
Case #6: 1 1 1 
Case #7: 8 2 1 1 1 
Case #8: 1 1 1 1 
Case #9: 1 1 1 1 
Case #10: 1 1 1 1 
Case #11: 1 1 1 
Case #12: 1 1 1 1 
Case #13: 2 
Case #14: 1 1 
Case #15: 1 1 
Case #16: 1 2 1 
Case #17: 1 1 1 
Case #18: 1 1 
Case #19: 1 
Case #20: 4 1 2 
Case #21: 2 1 1 
Case #22: 1 1 1 1 1 
Case #23: 1 
Case #24: 1 
Case #25: 1 1 
Case #26: 1 1 1 1 
Case #27: 16 16 8 2 
Case #28: 1 1 1 1 
Case #29: 1 
Case #30: 1 1 1 
Case #31: 1 1 1 1 2 
Case #32: 6 1 2 1 1 
Case #33: 8 2 
Case #34: 1 1 1 1 
Case #35: 1 
Case #36: 1 
Case #37: 1 1 1 
Case #38: 1 1 1 1 
Case #39: 1 1 1 1 1 
Case #40: 1 1 1 
Case #41: 18 2 
Case #42: 1 
Case #43: 1 1 2 
Case #44: 2 
Case #45: 1 1 
Case #46: 1 1 1 1 
Case #47: 1 1 1 
Case #48: 8 4 
Case #49: 1 1 1 1 1 
Case #50: 1 1 1 
Case #51: 1 1 1 1 
Case #52: 4 
Case #53: 1 
Case #54: 3 1 
Case #55: 32 4 1 1 
Case #56: 1 
Case #57: 1 
Case #58: 1 1 1 1 1 
Case #59: 1 1 1 
Case #60: 16 8 1 4 
Case #61: 2 2 
Case #62: 1 1 1 1 
Case #63: 12 1 2 
Case #64: 1 
Case #65: 1 1 1 1 
Case #66: 1 1 1 1 1 
Case #67: 1 
Case #68: 1 1 2 8 1 
Case #69: 1 1 1 1 1 
Case #70: 16 2 1 4 16 
Case #71: 2 
Case #72: 1 1 1 1 1 
Case #73: 1 1 1 1 
Case #74: 2 
Case #75: 1 
Case #76: 1 
Case #77: 1 1 1 1 
Case #78: 1 1 1 
Case #79: 8 1 2 1 
Case #80: 128 2 4 
Case #81: 1 1 1 1 1 
Case #82: 1 1 1 1 
Case #83: 1 1 1 1 
Case #84: 1 
Case #85: 1 1 1 1 1 
Case #86: 1 1 1 
Case #87: 1 
Case #88: 1 1 
Case #89: 1 1 1 1 1 
Case #90: 4 1 2 1 1 
Case #91: 1 1 1 
Case #92: 1 1 
Case #93: 1 1 1 1 
Case #94: 4 8 4 2 4 
Case #95: 1 2 1 1 
Case #96: 1 
Case #97: 1 1 1 1 1 
Case #98: 2 
Case #99: 1 1 1 
Case #100: 1 1 1 1 
