Case #1: SOUP
Case #2: AMBIGUOUS
Case #3: GS
Case #4: MVUH
Case #5: WPMM
Case #6: AEIM
Case #7: TBHR
Case #8: WCXY
Case #9: KFGT
Case #10: WN
Case #11: YZDA
Case #12: WYWX
Case #13: CZKO
Case #14: ECIW
Case #15: KIVB
Case #16: AMBIGUOUS
Case #17: AMBIGUOUS
Case #18: HE
Case #19: WSUX
Case #20: UYCC
Case #21: RQBV
Case #22: AMBIGUOUS
Case #23: XFNV
Case #24: LO
Case #25: AMBIGUOUS
Case #26: XTZQ
Case #27: SJ
Case #28: AMBIGUOUS
Case #29: IQJC
Case #30: QJ
Case #31: XX
Case #32: OD
Case #33: SYPG
Case #34: DIJE
Case #35: VTQJ
Case #36: JQSC
Case #37: AMBIGUOUS
Case #38: AMBIGUOUS
Case #39: HVQI
Case #40: BV
Case #41: OQSL
Case #42: RWHE
Case #43: CC
Case #44: AMBIGUOUS
Case #45: JI
Case #46: AMBIGUOUS
Case #47: LAAH
Case #48: OBWE
Case #49: BFJQ
Case #50: BAZZ
Case #51: IUTQ
Case #52: SBLT
Case #53: LY
Case #54: EU
Case #55: TH
Case #56: DOOJ
Case #57: SS
Case #58: AMBIGUOUS
Case #59: JG
Case #60: HIMA
Case #61: VTDF
Case #62: AAAA
Case #63: XGOY
Case #64: WHXU
Case #65: AMBIGUOUS
Case #66: NSRR
Case #67: QGXF
Case #68: ZSKZ
Case #69: FATX
Case #70: FFRB
Case #71: ICBN
Case #72: NWAJ
Case #73: XNJN
Case #74: BGGX
Case #75: HAOZ
Case #76: AH
Case #77: MM
Case #78: JE
Case #79: LWHN
Case #80: AYES
Case #81: WKRZ
Case #82: XFSP
Case #83: TYKB
Case #84: CEBC
Case #85: ZDZN
Case #86: TQRJ
Case #87: AMBIGUOUS
Case #88: ZAIT
Case #89: HOKR
Case #90: AFGX
Case #91: OZ
Case #92: AA
Case #93: XYEP
Case #94: AMBIGUOUS
Case #95: AMBIGUOUS
Case #96: MWCQ
Case #97: DTYG
Case #98: EMPK
Case #99: GNPI
Case #100: GXPB
